<?xml version="1.0" encoding="UTF-8"?>
<Site BuildName="(empty)"
	BuildStamp="20250703-0518-Experimental"
	Name="robuff-System-Product-Name"
	Generator="ctest-4.0.0-rc1"
	CompilerName="/usr/lib/ccache/c++"
	CompilerVersion="11.4.0"
	OSName="Linux"
	Hostname="robuff-System-Product-Name"
	OSRelease="6.8.0-60-generic"
	OSVersion="#63~22.04.1-Ubuntu SMP PREEMPT_DYNAMIC Tue Apr 22 19:00:15 UTC 2"
	OSPlatform="x86_64"
	Is64Bits="1"
	VendorString="GenuineIntel"
	VendorID="Intel Corporation"
	FamilyID="6"
	ModelID="183"
	ModelName="13th Gen Intel(R) Core(TM) i9-13900F"
	ProcessorCacheSize="36864"
	NumberOfLogicalCPU="32"
	NumberOfPhysicalCPU="24"
	TotalVirtualMemory="2047"
	TotalPhysicalMemory="64108"
	LogicalProcessorsPerPhysical="1"
	ProcessorClockFrequency="4800"
	>
	<Testing>
		<StartDateTime>Jul 09 10:17 CST</StartDateTime>
		<StartTestTime>1752027428</StartTestTime>
		<TestList/>
		<EndDateTime>Jul 09 10:17 CST</EndDateTime>
		<EndTestTime>1752027428</EndTestTime>
		<ElapsedMinutes>0</ElapsedMinutes>
	</Testing>
</Site>
